<?xml version="1.0" encoding="UTF-8"?>
<Site BuildName="(empty)"
	BuildStamp="20240506-1659-Experimental"
	Name="andrea-HP-Laptop"
	Generator="ctest-3.22.1"
	CompilerName="/usr/bin/g++"
	CompilerVersion="11.4.0"
	OSName="Linux"
	Hostname="andrea-HP-Laptop"
	OSRelease="6.5.0-28-generic"
	OSVersion="#29~22.04.1-Ubuntu SMP PREEMPT_DYNAMIC Thu Apr  4 14:39:20 UTC 2"
	OSPlatform="x86_64"
	Is64Bits="1"
	VendorString="GenuineIntel"
	VendorID="Intel Corporation"
	FamilyID="6"
	ModelID="142"
	ProcessorCacheSize="3072"
	NumberOfLogicalCPU="4"
	NumberOfPhysicalCPU="2"
	TotalVirtualMemory="2047"
	TotalPhysicalMemory="7848"
	LogicalProcessorsPerPhysical="2"
	ProcessorClockFrequency="800.009"
	>
	<Testing>
		<StartDateTime>May 06 18:59 CEST</StartDateTime>
		<StartTestTime>1715014752</StartTestTime>
		<TestList/>
		<EndDateTime>May 06 18:59 CEST</EndDateTime>
		<EndTestTime>1715014752</EndTestTime>
		<ElapsedMinutes>0</ElapsedMinutes>
	</Testing>
</Site>
