[0.025s] Invoking command in '/home/andre/ros2_ws/build/custom_msgs': CMAKE_PREFIX_PATH=${CMAKE_PREFIX_PATH}:/home/andre/ros2_ws/install/detection_astra_camera:/home/andre/ros2_ws/install/detection_aruco:/opt/ros/humble /usr/bin/cmake --build /home/andre/ros2_ws/build/custom_msgs -- -j4 -l4
[0.323s] -- Found ament_cmake: 1.3.8 (/opt/ros/humble/share/ament_cmake/cmake)
[1.115s] -- Found rosidl_default_generators: 1.2.0 (/opt/ros/humble/share/rosidl_default_generators/cmake)
[1.218s] -- Using all available rosidl_typesupport_c: rosidl_typesupport_fastrtps_c;rosidl_typesupport_introspection_c
[1.287s] -- Found rosidl_adapter: 3.1.5 (/opt/ros/humble/share/rosidl_adapter/cmake)
[1.662s] -- Using all available rosidl_typesupport_cpp: rosidl_typesupport_fastrtps_cpp;rosidl_typesupport_introspection_cpp
[1.893s] -- Found geometry_msgs: 4.2.3 (/opt/ros/humble/share/geometry_msgs/cmake)
[3.258s] [31mCMake Error at /opt/ros/humble/share/rosidl_adapter/cmake/rosidl_adapt_interfaces.cmake:59 (message):
[3.259s]   execute_process(/usr/bin/python3 -m rosidl_adapter --package-name
[3.261s]   custom_msgs --arguments-file
[3.261s]   /home/andre/ros2_ws/build/custom_msgs/rosidl_adapter__arguments__custom_msgs.json
[3.261s]   --output-dir
[3.261s]   /home/andre/ros2_ws/build/custom_msgs/rosidl_adapter/custom_msgs
[3.262s]   --output-file
[3.262s]   /home/andre/ros2_ws/build/custom_msgs/rosidl_adapter/custom_msgs.idls)
[3.262s]   returned error code 1:
[3.262s] 
[3.262s]   Error processing 'float32 Points1[]' of 'custom_msgs/PointsCamera':
[3.262s]   ''Points1[]' is an invalid field name.  It should have the pattern
[3.262s]   '^(?!.*__)(?!.*_$)[a-z][a-z0-9_]*$''
[3.262s] 
[3.262s]   Traceback (most recent call last):
[3.263s] 
[3.263s]     File "/usr/lib/python3.10/runpy.py", line 196, in _run_module_as_main
[3.263s]       return _run_code(code, main_globals, None,
[3.263s]     File "/usr/lib/python3.10/runpy.py", line 86, in _run_code
[3.263s]       exec(code, run_globals)
[3.263s]     File "/opt/ros/humble/local/lib/python3.10/dist-packages/rosidl_adapter/__main__.py", line 19, in <module>
[3.263s]       sys.exit(main())
[3.264s]     File "/opt/ros/humble/local/lib/python3.10/dist-packages/rosidl_adapter/main.py", line 53, in main
[3.264s]       abs_idl_file = convert_to_idl(
[3.264s]     File "/opt/ros/humble/local/lib/python3.10/dist-packages/rosidl_adapter/__init__.py", line 19, in convert_to_idl
[3.264s]       return convert_msg_to_idl(
[3.264s]     File "/opt/ros/humble/local/lib/python3.10/dist-packages/rosidl_adapter/msg/__init__.py", line 28, in convert_msg_to_idl
[3.264s]       msg = parse_message_string(package_name, input_file.stem, content)
[3.264s]     File "/opt/ros/humble/local/lib/python3.10/dist-packages/rosidl_adapter/parser.py", line 519, in parse_message_string
[3.264s]       fields.append(Field(
[3.264s]     File "/opt/ros/humble/local/lib/python3.10/dist-packages/rosidl_adapter/parser.py", line 354, in __init__
[3.265s]       raise NameError(
[3.265s] 
[3.265s]   NameError: 'Points1[]' is an invalid field name.  It should have the
[3.265s]   pattern '^(?!.*__)(?!.*_$)[a-z][a-z0-9_]*$'
[3.265s] 
[3.265s] Call Stack (most recent call first):
[3.265s]   /opt/ros/humble/share/rosidl_cmake/cmake/rosidl_generate_interfaces.cmake:130 (rosidl_adapt_interfaces)
[3.265s]   CMakeLists.txt:13 (rosidl_generate_interfaces)
[3.266s] 
[3.279s] [0m
[3.279s] -- Configuring incomplete, errors occurred!
[3.279s] See also "/home/andre/ros2_ws/build/custom_msgs/CMakeFiles/CMakeOutput.log".
[3.279s] gmake: *** [Makefile:1179: cmake_check_build_system] Error 1
[3.282s] Invoked command in '/home/andre/ros2_ws/build/custom_msgs' returned '2': CMAKE_PREFIX_PATH=${CMAKE_PREFIX_PATH}:/home/andre/ros2_ws/install/detection_astra_camera:/home/andre/ros2_ws/install/detection_aruco:/opt/ros/humble /usr/bin/cmake --build /home/andre/ros2_ws/build/custom_msgs -- -j4 -l4
