[01m[K/home/andre/ros2_ws/src/pcl_example/src/pcl_example_node.cpp:[m[K In member function â€˜[01m[Kvoid PointCloudFilter::filter_callback(sensor_msgs::msg::PointCloud2_<std::allocator<void> >::SharedPtr)[m[Kâ€™:
[01m[K/home/andre/ros2_ws/src/pcl_example/src/pcl_example_node.cpp:32:10:[m[K [01;31m[Kerror: [m[Kâ€˜[01m[KExtractIndices[m[Kâ€™ is not a member of â€˜[01m[Kpcl[m[Kâ€™
   32 |     pcl::[01;31m[KExtractIndices[m[K<pcl::PCLPointCloud2> extract;
      |          [01;31m[K^~~~~~~~~~~~~~[m[K
[01m[K/home/andre/ros2_ws/src/pcl_example/src/pcl_example_node.cpp:32:44:[m[K [01;31m[Kerror: [m[Kexpected primary-expression before â€˜[01m[K>[m[Kâ€™ token
   32 |     pcl::ExtractIndices<pcl::PCLPointCloud2[01;31m[K>[m[K extract;
      |                                            [01;31m[K^[m[K
[01m[K/home/andre/ros2_ws/src/pcl_example/src/pcl_example_node.cpp:32:46:[m[K [01;31m[Kerror: [m[Kâ€˜[01m[Kextract[m[Kâ€™ was not declared in this scope
   32 |     pcl::ExtractIndices<pcl::PCLPointCloud2> [01;31m[Kextract[m[K;
      |                                              [01;31m[K^~~~~~~[m[K
gmake[2]: *** [CMakeFiles/pcl_example_node.dir/build.make:76: CMakeFiles/pcl_example_node.dir/src/pcl_example_node.cpp.o] Error 1
gmake[1]: *** [CMakeFiles/Makefile2:137: CMakeFiles/pcl_example_node.dir/all] Error 2
gmake: *** [Makefile:146: all] Error 2
