[0.019s] Invoking command in '/home/andre/ros2_ws/build/pcl_example': CMAKE_PREFIX_PATH=${CMAKE_PREFIX_PATH}:/home/andre/ros2_ws/install/detection_person:/home/andre/ros2_ws/install/detection_human_ros:/home/andre/ros2_ws/install/detection_astra_camera:/home/andre/ros2_ws/install/detection_aruco:/opt/ros/humble /usr/bin/cmake --build /home/andre/ros2_ws/build/pcl_example -- -j4 -l4
[0.083s] [35m[1mConsolidate compiler generated dependencies of target pcl_example_node[0m
[0.127s] [ 50%] [32mBuilding CXX object CMakeFiles/pcl_example_node.dir/src/pcl_example_node.cpp.o[0m
[7.418s] [01m[K/home/andre/ros2_ws/src/pcl_example/src/pcl_example_node.cpp:[m[K In member function â€˜[01m[Kvoid PointCloudFilter::filter_callback(sensor_msgs::msg::PointCloud2_<std::allocator<void> >::SharedPtr)[m[Kâ€™:
[7.419s] [01m[K/home/andre/ros2_ws/src/pcl_example/src/pcl_example_node.cpp:32:10:[m[K [01;31m[Kerror: [m[Kâ€˜[01m[KExtractIndices[m[Kâ€™ is not a member of â€˜[01m[Kpcl[m[Kâ€™
[7.419s]    32 |     pcl::[01;31m[KExtractIndices[m[K<pcl::PCLPointCloud2> extract;
[7.419s]       |          [01;31m[K^~~~~~~~~~~~~~[m[K
[7.419s] [01m[K/home/andre/ros2_ws/src/pcl_example/src/pcl_example_node.cpp:32:44:[m[K [01;31m[Kerror: [m[Kexpected primary-expression before â€˜[01m[K>[m[Kâ€™ token
[7.419s]    32 |     pcl::ExtractIndices<pcl::PCLPointCloud2[01;31m[K>[m[K extract;
[7.419s]       |                                            [01;31m[K^[m[K
[7.427s] [01m[K/home/andre/ros2_ws/src/pcl_example/src/pcl_example_node.cpp:32:46:[m[K [01;31m[Kerror: [m[Kâ€˜[01m[Kextract[m[Kâ€™ was not declared in this scope
[7.427s]    32 |     pcl::ExtractIndices<pcl::PCLPointCloud2> [01;31m[Kextract[m[K;
[7.427s]       |                                              [01;31m[K^~~~~~~[m[K
[11.223s] gmake[2]: *** [CMakeFiles/pcl_example_node.dir/build.make:76: CMakeFiles/pcl_example_node.dir/src/pcl_example_node.cpp.o] Error 1
[11.224s] gmake[1]: *** [CMakeFiles/Makefile2:137: CMakeFiles/pcl_example_node.dir/all] Error 2
[11.224s] gmake: *** [Makefile:146: all] Error 2
[11.259s] Invoked command in '/home/andre/ros2_ws/build/pcl_example' returned '2': CMAKE_PREFIX_PATH=${CMAKE_PREFIX_PATH}:/home/andre/ros2_ws/install/detection_person:/home/andre/ros2_ws/install/detection_human_ros:/home/andre/ros2_ws/install/detection_astra_camera:/home/andre/ros2_ws/install/detection_aruco:/opt/ros/humble /usr/bin/cmake --build /home/andre/ros2_ws/build/pcl_example -- -j4 -l4
