In file included from [01m[K/home/andre/ros2_ws/build/custom_msgs/rosidl_generator_c/custom_msgs/msg/detail/plane__functions.h:19[m[K,
                 from [01m[K/home/andre/ros2_ws/build/custom_msgs/rosidl_generator_c/custom_msgs/msg/detail/plane__functions.c:4[m[K:
[01m[K/home/andre/ros2_ws/build/custom_msgs/rosidl_generator_c/custom_msgs/msg/detail/plane__struct.h:22:10:[m[K [01;31m[Kfatal error: [m[Kgeometry_msgs/msg/detail/vector3__struct.h: No such file or directory
   22 | #include [01;31m[K"geometry_msgs/msg/detail/vector3__struct.h"[m[K
      |          [01;31m[K^~~~~~~~~~~~~~~~~~~~~~~~~~~~~~~~~~~~~~~~~~~~[m[K
compilation terminated.
gmake[2]: *** [CMakeFiles/custom_msgs__rosidl_generator_c.dir/build.make:169: CMakeFiles/custom_msgs__rosidl_generator_c.dir/rosidl_generator_c/custom_msgs/msg/detail/plane__functions.c.o] Error 1
gmake[2]: *** Waiting for unfinished jobs....
In file included from [01m[K/home/andre/ros2_ws/build/custom_msgs/rosidl_generator_c/custom_msgs/msg/detail/plane_match__struct.h:23[m[K,
                 from [01m[K/home/andre/ros2_ws/build/custom_msgs/rosidl_generator_c/custom_msgs/msg/detail/plane_match__functions.h:19[m[K,
                 from [01m[K/home/andre/ros2_ws/build/custom_msgs/rosidl_generator_c/custom_msgs/msg/detail/plane_match__functions.c:4[m[K:
[01m[K/home/andre/ros2_ws/build/custom_msgs/rosidl_generator_c/custom_msgs/msg/detail/plane__struct.h:22:10:[m[K [01;31m[Kfatal error: [m[Kgeometry_msgs/msg/detail/vector3__struct.h: No such file or directory
   22 | #include [01;31m[K"geometry_msgs/msg/detail/vector3__struct.h"[m[K
      |          [01;31m[K^~~~~~~~~~~~~~~~~~~~~~~~~~~~~~~~~~~~~~~~~~~~[m[K
compilation terminated.
gmake[2]: *** [CMakeFiles/custom_msgs__rosidl_generator_c.dir/build.make:183: CMakeFiles/custom_msgs__rosidl_generator_c.dir/rosidl_generator_c/custom_msgs/msg/detail/plane_match__functions.c.o] Error 1
gmake[1]: *** [CMakeFiles/Makefile2:213: CMakeFiles/custom_msgs__rosidl_generator_c.dir/all] Error 2
gmake[1]: *** Waiting for unfinished jobs....
gmake: *** [Makefile:146: all] Error 2
