[0.027s] Invoking command in '/home/andre/ros2_ws/build/custom_msgs': CMAKE_PREFIX_PATH=${CMAKE_PREFIX_PATH}:/home/andre/ros2_ws/install/detection_astra_camera:/home/andre/ros2_ws/install/detection_aruco:/opt/ros/humble /usr/bin/cmake --build /home/andre/ros2_ws/build/custom_msgs -- -j4 -l4
[0.064s] -- Found ament_cmake: 1.3.8 (/opt/ros/humble/share/ament_cmake/cmake)
[0.586s] -- Found rosidl_default_generators: 1.2.0 (/opt/ros/humble/share/rosidl_default_generators/cmake)
[0.591s] -- Using all available rosidl_typesupport_c: rosidl_typesupport_fastrtps_c;rosidl_typesupport_introspection_c
[0.598s] -- Found rosidl_adapter: 3.1.5 (/opt/ros/humble/share/rosidl_adapter/cmake)
[0.847s] -- Using all available rosidl_typesupport_cpp: rosidl_typesupport_fastrtps_cpp;rosidl_typesupport_introspection_cpp
[0.924s] -- Found geometry_msgs: 4.2.3 (/opt/ros/humble/share/geometry_msgs/cmake)
[1.802s] [31mCMake Error at /opt/ros/humble/share/rosidl_adapter/cmake/rosidl_adapt_interfaces.cmake:59 (message):
[1.802s]   execute_process(/usr/bin/python3 -m rosidl_adapter --package-name
[1.802s]   custom_msgs --arguments-file
[1.803s]   /home/andre/ros2_ws/build/custom_msgs/rosidl_adapter__arguments__custom_msgs.json
[1.803s]   --output-dir
[1.803s]   /home/andre/ros2_ws/build/custom_msgs/rosidl_adapter/custom_msgs
[1.803s]   --output-file
[1.803s]   /home/andre/ros2_ws/build/custom_msgs/rosidl_adapter/custom_msgs.idls)
[1.803s]   returned error code 1:
[1.803s] 
[1.803s]   Error processing 'Point[] Points1' of 'custom_msgs/PointsCamera':
[1.803s]   ''Points1' is an invalid field name.  It should have the pattern
[1.804s]   '^(?!.*__)(?!.*_$)[a-z][a-z0-9_]*$''
[1.804s] 
[1.804s]   Traceback (most recent call last):
[1.804s] 
[1.804s]     File "/usr/lib/python3.10/runpy.py", line 196, in _run_module_as_main
[1.804s]       return _run_code(code, main_globals, None,
[1.804s]     File "/usr/lib/python3.10/runpy.py", line 86, in _run_code
[1.804s]       exec(code, run_globals)
[1.804s]     File "/opt/ros/humble/local/lib/python3.10/dist-packages/rosidl_adapter/__main__.py", line 19, in <module>
[1.805s]       sys.exit(main())
[1.805s]     File "/opt/ros/humble/local/lib/python3.10/dist-packages/rosidl_adapter/main.py", line 53, in main
[1.805s]       abs_idl_file = convert_to_idl(
[1.805s]     File "/opt/ros/humble/local/lib/python3.10/dist-packages/rosidl_adapter/__init__.py", line 19, in convert_to_idl
[1.805s]       return convert_msg_to_idl(
[1.805s]     File "/opt/ros/humble/local/lib/python3.10/dist-packages/rosidl_adapter/msg/__init__.py", line 28, in convert_msg_to_idl
[1.805s]       msg = parse_message_string(package_name, input_file.stem, content)
[1.805s]     File "/opt/ros/humble/local/lib/python3.10/dist-packages/rosidl_adapter/parser.py", line 519, in parse_message_string
[1.805s]       fields.append(Field(
[1.806s]     File "/opt/ros/humble/local/lib/python3.10/dist-packages/rosidl_adapter/parser.py", line 354, in __init__
[1.806s]       raise NameError(
[1.806s] 
[1.806s]   NameError: 'Points1' is an invalid field name.  It should have the pattern
[1.806s]   '^(?!.*__)(?!.*_$)[a-z][a-z0-9_]*$'
[1.806s] 
[1.807s] Call Stack (most recent call first):
[1.807s]   /opt/ros/humble/share/rosidl_cmake/cmake/rosidl_generate_interfaces.cmake:130 (rosidl_adapt_interfaces)
[1.807s]   CMakeLists.txt:13 (rosidl_generate_interfaces)
[1.807s] 
[1.807s] [0m
[1.807s] -- Configuring incomplete, errors occurred!
[1.807s] See also "/home/andre/ros2_ws/build/custom_msgs/CMakeFiles/CMakeOutput.log".
[1.813s] gmake: *** [Makefile:1179: cmake_check_build_system] Error 1
[1.818s] Invoked command in '/home/andre/ros2_ws/build/custom_msgs' returned '2': CMAKE_PREFIX_PATH=${CMAKE_PREFIX_PATH}:/home/andre/ros2_ws/install/detection_astra_camera:/home/andre/ros2_ws/install/detection_aruco:/opt/ros/humble /usr/bin/cmake --build /home/andre/ros2_ws/build/custom_msgs -- -j4 -l4
