[35m[1mConsolidate compiler generated dependencies of target image_cloud_reader[0m
[ 50%] Built target image_cloud_reader
[35m[1mConsolidate compiler generated dependencies of target corr_subscriber[0m
[ 60%] [32mBuilding CXX object CMakeFiles/corr_subscriber.dir/src/Calibration.cpp.o[0m
[01m[K/home/andre/ros2_ws/src/calib_correspondences/src/Calibration.cpp:[m[K In member function â€˜[01m[KEigen::Matrix4f Calibration::runCalibrationGN(std::size_t, std::size_t, bool)[m[Kâ€™:
[01m[K/home/andre/ros2_ws/src/calib_correspondences/src/Calibration.cpp:352:17:[m[K [01;31m[Kerror: [m[Kâ€˜[01m[Kw[m[Kâ€™ was not declared in this scope
  352 |                 [01;31m[Kw[m[K = robustKernel( ei_sq );
      |                 [01;31m[K^[m[K
[01m[K/home/andre/ros2_ws/src/calib_correspondences/src/Calibration.cpp:354:39:[m[K [01;31m[Kerror: [m[Kâ€˜[01m[Kw[m[Kâ€™ was not declared in this scope
  354 |             H += J.transpose() * J  * [01;31m[Kw[m[K;
      |                                       [01;31m[K^[m[K
gmake[2]: *** [CMakeFiles/corr_subscriber.dir/build.make:90: CMakeFiles/corr_subscriber.dir/src/Calibration.cpp.o] Error 1
gmake[1]: *** [CMakeFiles/Makefile2:165: CMakeFiles/corr_subscriber.dir/all] Error 2
gmake: *** [Makefile:146: all] Error 2
