-- Found ament_cmake: 1.3.9 (/opt/ros/humble/share/ament_cmake/cmake)
-- Found rclcpp: 16.0.9 (/opt/ros/humble/share/rclcpp/cmake)
-- Found rosidl_generator_c: 3.1.5 (/opt/ros/humble/share/rosidl_generator_c/cmake)
-- Found rosidl_adapter: 3.1.5 (/opt/ros/humble/share/rosidl_adapter/cmake)
-- Found rosidl_generator_cpp: 3.1.5 (/opt/ros/humble/share/rosidl_generator_cpp/cmake)
-- Using all available rosidl_typesupport_c: rosidl_typesupport_fastrtps_c;rosidl_typesupport_introspection_c
-- Using all available rosidl_typesupport_cpp: rosidl_typesupport_fastrtps_cpp;rosidl_typesupport_introspection_cpp
-- Found rmw_implementation_cmake: 6.1.2 (/opt/ros/humble/share/rmw_implementation_cmake/cmake)
-- Found rmw_fastrtps_cpp: 6.2.6 (/opt/ros/humble/share/rmw_fastrtps_cpp/cmake)
-- Using RMW implementation 'rmw_fastrtps_cpp' as default
-- Found sensor_msgs: 4.2.4 (/opt/ros/humble/share/sensor_msgs/cmake)
-- Found pcl_conversions: 2.4.0 (/opt/ros/humble/share/pcl_conversions/cmake)
-- Found pcl_ros: 2.4.0 (/opt/ros/humble/share/pcl_ros/cmake)
-- Found eigen3_cmake_module: 0.1.1 (/opt/ros/humble/share/eigen3_cmake_module/cmake)
-- Ensuring Eigen3 include directory is part of orocos-kdl CMake target
-- Eigen found (include: /usr/include/eigen3, version: 3.4.0)
-- FLANN found (include: /usr/include, lib: /usr/lib/x86_64-linux-gnu/libflann_cpp.so)
-- OpenNI found (version: 1.5.4.0, include: /usr/include/ni, lib: /usr/lib/libOpenNI.so;libusb::libusb)
-- OpenNI2 found (version: 2.3.0.85, include: /home/andre/ros2_ws/install/astra_camera/include/openni2, lib: /home/andre/ros2_ws/install/astra_camera/lib/libOpenNI2.so;libusb::libusb)
-- Eigen found (include: /usr/include/eigen3, version: 3.4.0)
-- OpenNI found (version: 1.5.4.0, include: /usr/include/ni, lib: /usr/lib/libOpenNI.so;libusb::libusb)
-- OpenNI2 found (version: 2.3.0.85, include: /home/andre/ros2_ws/install/astra_camera/include/openni2, lib: /home/andre/ros2_ws/install/astra_camera/lib/libOpenNI2.so;libusb::libusb)
-- Found Qhull version 8.0.2
-- OpenNI found (version: 1.5.4.0, include: /usr/include/ni, lib: /usr/lib/libOpenNI.so;libusb::libusb)
-- Found ament_lint_auto: 0.12.11 (/opt/ros/humble/share/ament_lint_auto/cmake)
-- Added test 'cppcheck' to perform static code analysis on C / C++ code
-- Configured cppcheck include dirs: 
-- Configured cppcheck exclude dirs and/or files: 
-- Added test 'flake8' to check Python code syntax and style conventions
-- Added test 'lint_cmake' to check CMake code style
-- Added test 'pep257' to check Python code against some of the docstring style conventions in PEP 257
-- Added test 'uncrustify' to check C / C++ code style
-- Configured uncrustify additional arguments: 
-- Added test 'xmllint' to check XML markup files
-- Configuring done
-- Generating done
-- Build files have been written to: /home/andre/ros2_ws/build/pcl_example
[35m[1mConsolidate compiler generated dependencies of target pcl_example_node[0m
[ 50%] [32mBuilding CXX object CMakeFiles/pcl_example_node.dir/src/pcl_example_node.cpp.o[0m
[01m[K/home/andre/ros2_ws/src/pcl_example/src/pcl_example_node.cpp:[m[K In member function â€˜[01m[Kvoid PlaneFilterNode::pointcloud_callback(sensor_msgs::msg::PointCloud2_<std::allocator<void> >::SharedPtr)[m[Kâ€™:
[01m[K/home/andre/ros2_ws/src/pcl_example/src/pcl_example_node.cpp:25:10:[m[K [01;31m[Kerror: [m[Kâ€˜[01m[KExtractIndices[m[Kâ€™ is not a member of â€˜[01m[Kpcl[m[Kâ€™
   25 |     pcl::[01;31m[KExtractIndices[m[K<pcl::PCLPointCloud2> extract;
      |          [01;31m[K^~~~~~~~~~~~~~[m[K
[01m[K/home/andre/ros2_ws/src/pcl_example/src/pcl_example_node.cpp:25:44:[m[K [01;31m[Kerror: [m[Kexpected primary-expression before â€˜[01m[K>[m[Kâ€™ token
   25 |     pcl::ExtractIndices<pcl::PCLPointCloud2[01;31m[K>[m[K extract;
      |                                            [01;31m[K^[m[K
[01m[K/home/andre/ros2_ws/src/pcl_example/src/pcl_example_node.cpp:25:46:[m[K [01;31m[Kerror: [m[Kâ€˜[01m[Kextract[m[Kâ€™ was not declared in this scope
   25 |     pcl::ExtractIndices<pcl::PCLPointCloud2> [01;31m[Kextract[m[K;
      |                                              [01;31m[K^~~~~~~[m[K
[01m[K/home/andre/ros2_ws/src/pcl_example/src/pcl_example_node.cpp:26:10:[m[K [01;31m[Kerror: [m[Kâ€˜[01m[KSACSegmentation[m[Kâ€™ is not a member of â€˜[01m[Kpcl[m[Kâ€™
   26 |     pcl::[01;31m[KSACSegmentation[m[K<pcl::PCLPointCloud2> seg;
      |          [01;31m[K^~~~~~~~~~~~~~~[m[K
[01m[K/home/andre/ros2_ws/src/pcl_example/src/pcl_example_node.cpp:26:45:[m[K [01;31m[Kerror: [m[Kexpected primary-expression before â€˜[01m[K>[m[Kâ€™ token
   26 |     pcl::SACSegmentation<pcl::PCLPointCloud2[01;31m[K>[m[K seg;
      |                                             [01;31m[K^[m[K
[01m[K/home/andre/ros2_ws/src/pcl_example/src/pcl_example_node.cpp:26:47:[m[K [01;31m[Kerror: [m[Kâ€˜[01m[Kseg[m[Kâ€™ was not declared in this scope
   26 |     pcl::SACSegmentation<pcl::PCLPointCloud2> [01;31m[Kseg[m[K;
      |                                               [01;31m[K^~~[m[K
[01m[K/home/andre/ros2_ws/src/pcl_example/src/pcl_example_node.cpp:31:27:[m[K [01;31m[Kerror: [m[Kâ€˜[01m[KSACMODEL_PLANE[m[Kâ€™ is not a member of â€˜[01m[Kpcl[m[Kâ€™
   31 |     seg.setModelType(pcl::[01;31m[KSACMODEL_PLANE[m[K);
      |                           [01;31m[K^~~~~~~~~~~~~~[m[K
[01m[K/home/andre/ros2_ws/src/pcl_example/src/pcl_example_node.cpp:32:28:[m[K [01;31m[Kerror: [m[Kâ€˜[01m[KSAC_RANSAC[m[Kâ€™ is not a member of â€˜[01m[Kpcl[m[Kâ€™
   32 |     seg.setMethodType(pcl::[01;31m[KSAC_RANSAC[m[K);
      |                            [01;31m[K^~~~~~~~~~[m[K
gmake[2]: *** [CMakeFiles/pcl_example_node.dir/build.make:76: CMakeFiles/pcl_example_node.dir/src/pcl_example_node.cpp.o] Error 1
gmake[1]: *** [CMakeFiles/Makefile2:137: CMakeFiles/pcl_example_node.dir/all] Error 2
gmake: *** [Makefile:146: all] Error 2
